<?xml version="1.0" encoding="UTF-8"?>
<!-- Generated by org.testng.reporters.JUnitReportReporter -->
<testsuite name="com.org.iot.test.smoke.SmokeTest" tests="9" time="6.424" ignored="0" failures="0" timestamp="13 Mar 2017 12:45:45 GMT" skipped="0" hostname="THIYAGAM4" errors="0">
  <testcase name="getAE" time="2.901" classname="com.org.iot.test.smoke.SmokeTest"/>
  <testcase name="createSubscriptionAE" time="0.238" classname="com.org.iot.test.smoke.SmokeTest"/>
  <testcase name="createSubscriptionCNT" time="0.277" classname="com.org.iot.test.smoke.SmokeTest"/>
  <testcase name="getContainerData" time="0.181" classname="com.org.iot.test.smoke.SmokeTest"/>
  <testcase name="createSubscriptionGroup" time="0.212" classname="com.org.iot.test.smoke.SmokeTest"/>
  <testcase name="createGroup" time="1.138" classname="com.org.iot.test.smoke.SmokeTest"/>
  <testcase name="updateAE" time="0.461" classname="com.org.iot.test.smoke.SmokeTest"/>
  <testcase name="updateCNT" time="0.506" classname="com.org.iot.test.smoke.SmokeTest"/>
  <testcase name="createContainer" time="0.510" classname="com.org.iot.test.smoke.SmokeTest"/>
</testsuite> <!-- com.org.iot.test.smoke.SmokeTest -->
