<?xml version="1.0" encoding="UTF-8"?>
<!-- Generated by org.testng.reporters.JUnitReportReporter -->
<testsuite name="com.org.iot.test.smoke.SmokeTest" tests="7" time="4.752" ignored="0" failures="0" timestamp="08 Mar 2017 13:12:32 GMT" skipped="0" hostname="THIYAGAM4" errors="0">
  <testcase name="createSubscriptionCNT" time="0.394" classname="com.org.iot.test.smoke.SmokeTest"/>
  <testcase name="createGroup" time="0.299" classname="com.org.iot.test.smoke.SmokeTest"/>
  <testcase name="getContainerData" time="0.140" classname="com.org.iot.test.smoke.SmokeTest"/>
  <testcase name="createContainer" time="2.864" classname="com.org.iot.test.smoke.SmokeTest"/>
  <testcase name="createSubscriptionAE" time="0.379" classname="com.org.iot.test.smoke.SmokeTest"/>
  <testcase name="getAE" time="0.331" classname="com.org.iot.test.smoke.SmokeTest"/>
  <testcase name="createSubscriptionGroup" time="0.345" classname="com.org.iot.test.smoke.SmokeTest"/>
</testsuite> <!-- com.org.iot.test.smoke.SmokeTest -->
